# JRE version: Java(TM) SE Runtime Environment (8.0_25-b18) (build 1.8.0_25-b18)
# Java VM: Java HotSpot(TM) 64-Bit Server VM (25.25-b02 mixed mode windows-amd64 compressed oops)
Heap:
 PSYoungGen      total 93696K, used 40182K [0x00000000eab00000, 0x00000000f1400000, 0x0000000100000000)
  eden space 82432K, 48% used [0x00000000eab00000,0x00000000ed23db08,0x00000000efb80000)
  from space 11264K, 0% used [0x00000000efb80000,0x00000000efb80000,0x00000000f0680000)
  to   space 11264K, 0% used [0x00000000f0900000,0x00000000f0900000,0x00000000f1400000)
 ParOldGen       total 56832K, used 35806K [0x00000000c0000000, 0x00000000c3780000, 0x00000000eab00000)
  object space 56832K, 63% used [0x00000000c0000000,0x00000000c22f79c8,0x00000000c3780000)
 Metaspace       used 41640K, capacity 43052K, committed 43264K, reserved 1087488K
  class space    used 5619K, capacity 6119K, committed 6144K, reserved 1048576K
GC Heap History (10 events):
Event: 23.202 GC heap before
{Heap before GC invocations=20 (full 2):
 PSYoungGen      total 78336K, used 2484K [0x00000000eab00000, 0x00000000f0200000, 0x0000000100000000)
  eden space 69120K, 0% used [0x00000000eab00000,0x00000000eab00000,0x00000000eee80000)
  from space 9216K, 26% used [0x00000000ef700000,0x00000000ef96d1d8,0x00000000f0000000)
  to   space 8704K, 0% used [0x00000000eee80000,0x00000000eee80000,0x00000000ef700000)
 ParOldGen       total 31232K, used 18931K [0x00000000c0000000, 0x00000000c1e80000, 0x00000000eab00000)
  object space 31232K, 60% used [0x00000000c0000000,0x00000000c127cf58,0x00000000c1e80000)
 Metaspace       used 34528K, capacity 35372K, committed 35456K, reserved 1079296K
  class space    used 4579K, capacity 4945K, committed 4992K, reserved 1048576K
Event: 23.519 GC heap after
Heap after GC invocations=20 (full 2):
 PSYoungGen      total 78336K, used 0K [0x00000000eab00000, 0x00000000f0200000, 0x0000000100000000)
  eden space 69120K, 0% used [0x00000000eab00000,0x00000000eab00000,0x00000000eee80000)
  from space 9216K, 0% used [0x00000000ef700000,0x00000000ef700000,0x00000000f0000000)
  to   space 8704K, 0% used [0x00000000eee80000,0x00000000eee80000,0x00000000ef700000)
 ParOldGen       total 56832K, used 19803K [0x00000000c0000000, 0x00000000c3780000, 0x00000000eab00000)
  object space 56832K, 34% used [0x00000000c0000000,0x00000000c1356f28,0x00000000c3780000)
 Metaspace       used 34528K, capacity 35372K, committed 35456K, reserved 1079296K
  class space    used 4579K, capacity 4945K, committed 4992K, reserved 1048576K
}
Event: 26.534 GC heap before
{Heap before GC invocations=21 (full 2):
 PSYoungGen      total 78336K, used 69120K [0x00000000eab00000, 0x00000000f0200000, 0x0000000100000000)
  eden space 69120K, 100% used [0x00000000eab00000,0x00000000eee80000,0x00000000eee80000)
  from space 9216K, 0% used [0x00000000ef700000,0x00000000ef700000,0x00000000f0000000)
  to   space 8704K, 0% used [0x00000000eee80000,0x00000000eee80000,0x00000000ef700000)
 ParOldGen       total 56832K, used 19803K [0x00000000c0000000, 0x00000000c3780000, 0x00000000eab00000)
  object space 56832K, 34% used [0x00000000c0000000,0x00000000c1356f28,0x00000000c3780000)
 Metaspace       used 37674K, capacity 38724K, committed 39040K, reserved 1083392K
  class space    used 5030K, capacity 5434K, committed 5504K, reserved 1048576K
Event: 26.583 GC heap after
Heap after GC invocations=21 (full 2):
 PSYoungGen      total 77824K, used 8702K [0x00000000eab00000, 0x00000000f1080000, 0x0000000100000000)
  eden space 69120K, 0% used [0x00000000eab00000,0x00000000eab00000,0x00000000eee80000)
  from space 8704K, 99% used [0x00000000eee80000,0x00000000ef6ff910,0x00000000ef700000)
  to   space 10240K, 0% used [0x00000000f0680000,0x00000000f0680000,0x00000000f1080000)
 ParOldGen       total 56832K, used 20128K [0x00000000c0000000, 0x00000000c3780000, 0x00000000eab00000)
  object space 56832K, 35% used [0x00000000c0000000,0x00000000c13a8100,0x00000000c3780000)
 Metaspace       used 37674K, capacity 38724K, committed 39040K, reserved 1083392K
  class space    used 5030K, capacity 5434K, committed 5504K, reserved 1048576K
}
Event: 27.964 GC heap before
{Heap before GC invocations=22 (full 2):
 PSYoungGen      total 77824K, used 77822K [0x00000000eab00000, 0x00000000f1080000, 0x0000000100000000)
  eden space 69120K, 100% used [0x00000000eab00000,0x00000000eee80000,0x00000000eee80000)
  from space 8704K, 99% used [0x00000000eee80000,0x00000000ef6ff910,0x00000000ef700000)
  to   space 10240K, 0% used [0x00000000f0680000,0x00000000f0680000,0x00000000f1080000)
 ParOldGen       total 56832K, used 20128K [0x00000000c0000000, 0x00000000c3780000, 0x00000000eab00000)
  object space 56832K, 35% used [0x00000000c0000000,0x00000000c13a8100,0x00000000c3780000)
 Metaspace       used 38987K, capacity 40136K, committed 40320K, reserved 1083392K
  class space    used 5229K, capacity 5644K, committed 5760K, reserved 1048576K
Event: 28.011 GC heap after
Heap after GC invocations=22 (full 2):
 PSYoungGen      total 92672K, used 8112K [0x00000000eab00000, 0x00000000f1400000, 0x0000000100000000)
  eden space 82432K, 0% used [0x00000000eab00000,0x00000000eab00000,0x00000000efb80000)
  from space 10240K, 79% used [0x00000000f0680000,0x00000000f0e6c010,0x00000000f1080000)
  to   space 11264K, 0% used [0x00000000efb80000,0x00000000efb80000,0x00000000f0680000)
 ParOldGen       total 56832K, used 27141K [0x00000000c0000000, 0x00000000c3780000, 0x00000000eab00000)
  object space 56832K, 47% used [0x00000000c0000000,0x00000000c1a81750,0x00000000c3780000)
 Metaspace       used 38987K, capacity 40136K, committed 40320K, reserved 1083392K
  class space    used 5229K, capacity 5644K, committed 5760K, reserved 1048576K
}
Event: 32.901 GC heap before
{Heap before GC invocations=23 (full 2):
 PSYoungGen      total 92672K, used 82492K [0x00000000eab00000, 0x00000000f1400000, 0x0000000100000000)
  eden space 82432K, 90% used [0x00000000eab00000,0x00000000ef3a3240,0x00000000efb80000)
  from space 10240K, 79% used [0x00000000f0680000,0x00000000f0e6c010,0x00000000f1080000)
  to   space 11264K, 0% used [0x00000000efb80000,0x00000000efb80000,0x00000000f0680000)
 ParOldGen       total 56832K, used 27141K [0x00000000c0000000, 0x00000000c3780000, 0x00000000eab00000)
  object space 56832K, 47% used [0x00000000c0000000,0x00000000c1a81750,0x00000000c3780000)
 Metaspace       used 41445K, capacity 42774K, committed 43008K, reserved 1085440K
  class space    used 5609K, capacity 6079K, committed 6144K, reserved 1048576K
Event: 32.931 GC heap after
Heap after GC invocations=23 (full 2):
 PSYoungGen      total 93696K, used 5712K [0x00000000eab00000, 0x00000000f1400000, 0x0000000100000000)
  eden space 82432K, 0% used [0x00000000eab00000,0x00000000eab00000,0x00000000efb80000)
  from space 11264K, 50% used [0x00000000efb80000,0x00000000f01142d0,0x00000000f0680000)
  to   space 11264K, 0% used [0x00000000f0900000,0x00000000f0900000,0x00000000f1400000)
 ParOldGen       total 56832K, used 34806K [0x00000000c0000000, 0x00000000c3780000, 0x00000000eab00000)
  object space 56832K, 61% used [0x00000000c0000000,0x00000000c21fd860,0x00000000c3780000)
 Metaspace       used 41445K, capacity 42774K, committed 43008K, reserved 1085440K
  class space    used 5609K, capacity 6079K, committed 6144K, reserved 1048576K
}
Event: 32.931 GC heap before
{Heap before GC invocations=24 (full 3):
 PSYoungGen      total 93696K, used 5712K [0x00000000eab00000, 0x00000000f1400000, 0x0000000100000000)
  eden space 82432K, 0% used [0x00000000eab00000,0x00000000eab00000,0x00000000efb80000)
  from space 11264K, 50% used [0x00000000efb80000,0x00000000f01142d0,0x00000000f0680000)
  to   space 11264K, 0% used [0x00000000f0900000,0x00000000f0900000,0x00000000f1400000)
 ParOldGen       total 56832K, used 34806K [0x00000000c0000000, 0x00000000c3780000, 0x00000000eab00000)
  object space 56832K, 61% used [0x00000000c0000000,0x00000000c21fd860,0x00000000c3780000)
 Metaspace       used 41445K, capacity 42774K, committed 43008K, reserved 1085440K
  class space    used 5609K, capacity 6079K, committed 6144K, reserved 1048576K
Event: 33.448 GC heap after
Heap after GC invocations=24 (full 3):
 PSYoungGen      total 93696K, used 0K [0x00000000eab00000, 0x00000000f1400000, 0x0000000100000000)
  eden space 82432K, 0% used [0x00000000eab00000,0x00000000eab00000,0x00000000efb80000)
  from space 11264K, 0% used [0x00000000efb80000,0x00000000efb80000,0x00000000f0680000)
  to   space 11264K, 0% used [0x00000000f0900000,0x00000000f0900000,0x00000000f1400000)
 ParOldGen       total 56832K, used 35806K [0x00000000c0000000, 0x00000000c3780000, 0x00000000eab00000)
  object space 56832K, 63% used [0x00000000c0000000,0x00000000c22f79c8,0x00000000c3780000)
 Metaspace       used 41412K, capacity 42660K, committed 43008K, reserved 1085440K
  class space    used 5601K, capacity 6045K, committed 6144K, reserved 1048576K
}

